<?xml version="1.0" encoding="UTF-8"?>
<!-- Generated by org.testng.reporters.JUnitReportReporter -->
<testsuite hostname="Israels-MacBook-Pro.local" failures="0" tests="2" name="org.example.cucumberOptions.TestNGTestRunner" time="15.637" errors="0" timestamp="2023-01-26T13:32:53 CST" skipped="0">
  <testcase classname="org.example.cucumberOptions.TestNGTestRunner" name="runScenario" time="7.825"/>
  <system-out/>
  <testcase classname="org.example.cucumberOptions.TestNGTestRunner" name="runScenario" time="7.812"/>
  <system-out/>
</testsuite> <!-- org.example.cucumberOptions.TestNGTestRunner -->
